<?xml version="1.0" encoding="UTF-8"?>
<testsuite name="minho.backboard.repository.BoardRepositoryTest" tests="1" skipped="0" failures="0" errors="0" timestamp="2024-04-17T08:54:00" hostname="MINHO" time="1.302">
  <properties/>
  <testcase name="delete()" classname="minho.backboard.repository.BoardRepositoryTest" time="1.302"/>
  <system-out><![CDATA[17:53:55.100 [Test worker] INFO org.springframework.test.context.support.AnnotationConfigContextLoaderUtils -- Could not detect default configuration classes for test class [minho.backboard.repository.BoardRepositoryTest]: BoardRepositoryTest does not declare any static, non-private, non-final, nested classes annotated with @Configuration.
17:53:55.254 [Test worker] INFO org.springframework.boot.test.context.SpringBootTestContextBootstrapper -- Found @SpringBootConfiguration minho.backboard.BackBoardApplication for test class minho.backboard.repository.BoardRepositoryTest

  .   ____          _            __ _ _
 /\\ / ___'_ __ _ _(_)_ __  __ _ \ \ \ \
( ( )\___ | '_ | '_| | '_ \/ _` | \ \ \ \
 \\/  ___)| |_)| | | | | || (_| |  ) ) ) )
  '  |____| .__|_| |_|_| |_\__, | / / / /
 =========|_|==============|___/=/_/_/_/
 :: Spring Boot ::                (v3.2.4)

2024-04-17T17:53:55.795+09:00  INFO 8000 --- [back-board] [    Test worker] m.b.repository.BoardRepositoryTest       : Starting BoardRepositoryTest using Java 19.0.1 with PID 8000 (started by alsgh in C:\Users\alsgh\Desktop\study\BackendBoard\back-board)
2024-04-17T17:53:55.797+09:00  INFO 8000 --- [back-board] [    Test worker] m.b.repository.BoardRepositoryTest       : No active profile set, falling back to 1 default profile: "default"
2024-04-17T17:53:56.682+09:00  INFO 8000 --- [back-board] [    Test worker] .s.d.r.c.RepositoryConfigurationDelegate : Bootstrapping Spring Data JPA repositories in DEFAULT mode.
2024-04-17T17:53:56.718+09:00  INFO 8000 --- [back-board] [    Test worker] .s.d.r.c.RepositoryConfigurationDelegate : Finished Spring Data repository scanning in 23 ms. Found 0 JPA repository interfaces.
2024-04-17T17:53:57.325+09:00  INFO 8000 --- [back-board] [    Test worker] o.hibernate.jpa.internal.util.LogHelper  : HHH000204: Processing PersistenceUnitInfo [name: default]
2024-04-17T17:53:57.417+09:00  INFO 8000 --- [back-board] [    Test worker] org.hibernate.Version                    : HHH000412: Hibernate ORM core version 6.4.4.Final
2024-04-17T17:53:57.471+09:00  INFO 8000 --- [back-board] [    Test worker] o.h.c.internal.RegionFactoryInitiator    : HHH000026: Second-level cache disabled
2024-04-17T17:53:57.824+09:00  INFO 8000 --- [back-board] [    Test worker] o.s.o.j.p.SpringPersistenceUnitInfo      : No LoadTimeWeaver setup: ignoring JPA class transformer
2024-04-17T17:53:57.864+09:00  INFO 8000 --- [back-board] [    Test worker] com.zaxxer.hikari.HikariDataSource       : HikariPool-1 - Starting...
2024-04-17T17:53:57.972+09:00  INFO 8000 --- [back-board] [    Test worker] com.zaxxer.hikari.pool.HikariPool        : HikariPool-1 - Added connection conn0: url=jdbc:h2:tcp://localhost/~/test user=SA
2024-04-17T17:53:57.974+09:00  INFO 8000 --- [back-board] [    Test worker] com.zaxxer.hikari.HikariDataSource       : HikariPool-1 - Start completed.
2024-04-17T17:53:59.205+09:00  INFO 8000 --- [back-board] [    Test worker] o.h.e.t.j.p.i.JtaPlatformInitiator       : HHH000489: No JTA platform available (set 'hibernate.transaction.jta.platform' to enable JTA platform integration)
2024-04-17T17:53:59.210+09:00  INFO 8000 --- [back-board] [    Test worker] j.LocalContainerEntityManagerFactoryBean : Initialized JPA EntityManagerFactory for persistence unit 'default'
2024-04-17T17:53:59.514+09:00  WARN 8000 --- [back-board] [    Test worker] JpaBaseConfiguration$JpaWebConfiguration : spring.jpa.open-in-view is enabled by default. Therefore, database queries may be performed during view rendering. Explicitly configure spring.jpa.open-in-view to disable this warning
2024-04-17T17:54:00.121+09:00  INFO 8000 --- [back-board] [    Test worker] m.b.repository.BoardRepositoryTest       : Started BoardRepositoryTest in 4.636 seconds (process running for 6.516)
Hibernate: insert into board (text,title,userid,id) values (?,?,?,default)
Hibernate: select b1_0.id,b1_0.text,b1_0.title,b1_0.userid from board b1_0 where b1_0.title=?
Hibernate: delete from board where id=?
Hibernate: select b1_0.id,b1_0.text,b1_0.title,b1_0.userid from board b1_0 where b1_0.title=?
]]></system-out>
  <system-err><![CDATA[]]></system-err>
</testsuite>
